2024-10-24 15:28:23,596 - INFO - File deleted: C:\Users\HP PAVILION AERO\Desktop\444.png
2024-10-24 15:28:33,023 - INFO - File created: C:\Users\HP PAVILION AERO\Desktop\New Text Document (4).txt
2024-10-24 15:29:43,198 - INFO - File deleted: C:\Users\HP PAVILION AERO\Desktop\qw.jpg
2024-10-24 15:29:51,916 - INFO - File deleted: C:\Users\HP PAVILION AERO\Desktop\33.png
2024-10-24 15:29:58,792 - INFO - File created: C:\Users\HP PAVILION AERO\Desktop\New Text Document (4).txt
2024-10-24 15:30:12,800 - INFO - File created: C:\Users\HP PAVILION AERO\Desktop\~$field.docx
2024-10-24 15:30:19,584 - INFO - File created: C:\Users\HP PAVILION AERO\Desktop\~WRD0000.tmp
2024-10-24 15:30:19,623 - WARNING - Integrity violation detected in: C:\Users\HP PAVILION AERO\Desktop\~WRD0000.tmp
2024-10-24 15:30:19,624 - WARNING - Integrity violation detected in: C:\Users\HP PAVILION AERO\Desktop\~WRD0000.tmp
2024-10-24 15:33:12,833 - INFO - File created: C:\Users\HP PAVILION AERO\Desktop\~$adware.docx
2024-10-24 15:33:19,018 - INFO - File created: C:\Users\HP PAVILION AERO\Desktop\~WRD0000.tmp
2024-10-24 15:33:19,044 - WARNING - Integrity violation detected in: C:\Users\HP PAVILION AERO\Desktop\~WRD0000.tmp
2024-10-24 15:33:19,045 - WARNING - Integrity violation detected in: C:\Users\HP PAVILION AERO\Desktop\~WRD0000.tmp
2024-10-24 15:33:19,099 - WARNING - Permission denied: 'C:\Users\HP PAVILION AERO\Desktop\~WRD0000.tmp'
2024-10-24 15:35:05,804 - INFO - File deleted: C:\Users\HP PAVILION AERO\Desktop\zxcv.txt
2024-10-24 15:35:12,516 - INFO - File deleted: C:\Users\HP PAVILION AERO\Desktop\adfgh.txt
2024-10-24 15:35:20,106 - INFO - File created: C:\Users\HP PAVILION AERO\Desktop\New Text Document (4).txt
2024-10-24 15:37:23,275 - INFO - File deleted: C:\Users\HP PAVILION AERO\Desktop\qwerty.txt
2024-10-24 15:40:33,527 - INFO - File deleted: C:\Users\HP PAVILION AERO\Desktop\23.png
2024-10-24 15:40:43,769 - INFO - File created: C:\Users\HP PAVILION AERO\Desktop\New Text Document (4).txt
2024-10-24 15:41:24,285 - INFO - File created: C:\Users\HP PAVILION AERO\Desktop\New Text Document (4).txt
2024-10-24 15:41:36,961 - WARNING - Permission denied: 'C:\Users\HP PAVILION AERO\Desktop\New Microsoft Word Document.docx'
2024-10-24 15:45:24,985 - INFO - File deleted: C:\Users\HP PAVILION AERO\Desktop\New Microsoft Word Document.docx
2024-10-24 15:45:44,071 - INFO - File renamed from C:\Users\HP PAVILION AERO\Desktop\New Text Document (4).txt to C:\Users\HP PAVILION AERO\Desktop\kikota.txt
2024-10-24 15:46:03,679 - INFO - File deleted: C:\Users\HP PAVILION AERO\Desktop\field.docx
2024-10-24 15:46:43,107 - INFO - File renamed from C:\Users\HP PAVILION AERO\Desktop\New Text Document (3).txt to C:\Users\HP PAVILION AERO\Desktop\dfg.txt
2024-10-24 15:46:51,966 - INFO - File renamed from C:\Users\HP PAVILION AERO\Desktop\dfg.txt to C:\Users\HP PAVILION AERO\Desktop\gfd.txt
2024-10-24 15:47:04,150 - WARNING - Integrity violation detected in: C:\Users\HP PAVILION AERO\Desktop\gfd.txt
2024-10-24 15:47:38,927 - WARNING - Integrity violation detected in: C:\Users\HP PAVILION AERO\Desktop\gfd.txt
2024-10-24 15:48:01,683 - WARNING - Integrity violation detected in: C:\Users\HP PAVILION AERO\Desktop\gfd.txt
2024-10-24 15:48:19,396 - INFO - File renamed from C:\Users\HP PAVILION AERO\Desktop\kikota.txt to C:\Users\HP PAVILION AERO\Desktop\simon.txt
2024-10-24 15:48:34,785 - INFO - File created: C:\Users\HP PAVILION AERO\Desktop\~$CHNICAL REPORT.docx
2024-10-24 15:48:47,368 - INFO - File created: C:\Users\HP PAVILION AERO\Desktop\~WRD0000.tmp
2024-10-24 15:48:47,395 - WARNING - Integrity violation detected in: C:\Users\HP PAVILION AERO\Desktop\~WRD0000.tmp
2024-10-24 15:48:47,395 - WARNING - Integrity violation detected in: C:\Users\HP PAVILION AERO\Desktop\~WRD0000.tmp
